<?xml version="1.0" encoding="UTF-8"?>
<testsuite xmlns:xsi="http://www.w3.org/2001/XMLSchema-instance" xsi:noNamespaceSchemaLocation="https://maven.apache.org/surefire/maven-surefire-plugin/xsd/surefire-test-report.xsd" name="learn.data.RestaurantJdbcTemplateRepositoryTest" time="3.74" tests="8" errors="3" skipped="0" failures="0">
  <properties>
    <property name="gopherProxySet" value="false"/>
    <property name="awt.toolkit" value="sun.lwawt.macosx.LWCToolkit"/>
    <property name="java.specification.version" value="11"/>
    <property name="sun.cpu.isalist" value=""/>
    <property name="sun.jnu.encoding" value="UTF-8"/>
    <property name="java.class.path" value="/Users/e.perez/Dev10/querk-capstone-project/querk-api/target/test-classes:/Users/e.perez/Dev10/querk-capstone-project/querk-api/target/classes:/Users/e.perez/.m2/repository/org/springframework/boot/spring-boot-starter-web/2.6.6/spring-boot-starter-web-2.6.6.jar:/Users/e.perez/.m2/repository/org/springframework/boot/spring-boot-starter/2.6.6/spring-boot-starter-2.6.6.jar:/Users/e.perez/.m2/repository/org/springframework/boot/spring-boot-starter-logging/2.6.6/spring-boot-starter-logging-2.6.6.jar:/Users/e.perez/.m2/repository/ch/qos/logback/logback-classic/1.2.11/logback-classic-1.2.11.jar:/Users/e.perez/.m2/repository/ch/qos/logback/logback-core/1.2.11/logback-core-1.2.11.jar:/Users/e.perez/.m2/repository/org/apache/logging/log4j/log4j-to-slf4j/2.17.2/log4j-to-slf4j-2.17.2.jar:/Users/e.perez/.m2/repository/org/apache/logging/log4j/log4j-api/2.17.2/log4j-api-2.17.2.jar:/Users/e.perez/.m2/repository/org/slf4j/jul-to-slf4j/1.7.36/jul-to-slf4j-1.7.36.jar:/Users/e.perez/.m2/repository/jakarta/annotation/jakarta.annotation-api/1.3.5/jakarta.annotation-api-1.3.5.jar:/Users/e.perez/.m2/repository/org/yaml/snakeyaml/1.29/snakeyaml-1.29.jar:/Users/e.perez/.m2/repository/org/springframework/boot/spring-boot-starter-json/2.6.6/spring-boot-starter-json-2.6.6.jar:/Users/e.perez/.m2/repository/com/fasterxml/jackson/datatype/jackson-datatype-jdk8/2.13.2/jackson-datatype-jdk8-2.13.2.jar:/Users/e.perez/.m2/repository/com/fasterxml/jackson/datatype/jackson-datatype-jsr310/2.13.2/jackson-datatype-jsr310-2.13.2.jar:/Users/e.perez/.m2/repository/com/fasterxml/jackson/module/jackson-module-parameter-names/2.13.2/jackson-module-parameter-names-2.13.2.jar:/Users/e.perez/.m2/repository/org/springframework/boot/spring-boot-starter-tomcat/2.6.6/spring-boot-starter-tomcat-2.6.6.jar:/Users/e.perez/.m2/repository/org/apache/tomcat/embed/tomcat-embed-core/9.0.60/tomcat-embed-core-9.0.60.jar:/Users/e.perez/.m2/repository/org/apache/tomcat/embed/tomcat-embed-websocket/9.0.60/tomcat-embed-websocket-9.0.60.jar:/Users/e.perez/.m2/repository/org/springframework/spring-web/5.3.18/spring-web-5.3.18.jar:/Users/e.perez/.m2/repository/org/springframework/spring-beans/5.3.18/spring-beans-5.3.18.jar:/Users/e.perez/.m2/repository/org/springframework/spring-webmvc/5.3.18/spring-webmvc-5.3.18.jar:/Users/e.perez/.m2/repository/org/springframework/spring-context/5.3.18/spring-context-5.3.18.jar:/Users/e.perez/.m2/repository/org/springframework/spring-expression/5.3.18/spring-expression-5.3.18.jar:/Users/e.perez/.m2/repository/org/springframework/boot/spring-boot-starter-validation/2.6.6/spring-boot-starter-validation-2.6.6.jar:/Users/e.perez/.m2/repository/org/apache/tomcat/embed/tomcat-embed-el/9.0.60/tomcat-embed-el-9.0.60.jar:/Users/e.perez/.m2/repository/org/hibernate/validator/hibernate-validator/6.2.3.Final/hibernate-validator-6.2.3.Final.jar:/Users/e.perez/.m2/repository/jakarta/validation/jakarta.validation-api/2.0.2/jakarta.validation-api-2.0.2.jar:/Users/e.perez/.m2/repository/org/jboss/logging/jboss-logging/3.4.3.Final/jboss-logging-3.4.3.Final.jar:/Users/e.perez/.m2/repository/com/fasterxml/classmate/1.5.1/classmate-1.5.1.jar:/Users/e.perez/.m2/repository/org/springframework/boot/spring-boot-starter-jdbc/2.6.6/spring-boot-starter-jdbc-2.6.6.jar:/Users/e.perez/.m2/repository/com/zaxxer/HikariCP/4.0.3/HikariCP-4.0.3.jar:/Users/e.perez/.m2/repository/org/slf4j/slf4j-api/1.7.36/slf4j-api-1.7.36.jar:/Users/e.perez/.m2/repository/org/springframework/spring-jdbc/5.3.18/spring-jdbc-5.3.18.jar:/Users/e.perez/.m2/repository/org/springframework/spring-tx/5.3.18/spring-tx-5.3.18.jar:/Users/e.perez/.m2/repository/mysql/mysql-connector-java/8.0.28/mysql-connector-java-8.0.28.jar:/Users/e.perez/.m2/repository/org/springframework/boot/spring-boot-devtools/2.6.6/spring-boot-devtools-2.6.6.jar:/Users/e.perez/.m2/repository/org/springframework/boot/spring-boot/2.6.6/spring-boot-2.6.6.jar:/Users/e.perez/.m2/repository/org/springframework/boot/spring-boot-autoconfigure/2.6.6/spring-boot-autoconfigure-2.6.6.jar:/Users/e.perez/.m2/repository/org/springframework/boot/spring-boot-starter-security/2.6.6/spring-boot-starter-security-2.6.6.jar:/Users/e.perez/.m2/repository/org/springframework/spring-aop/5.3.18/spring-aop-5.3.18.jar:/Users/e.perez/.m2/repository/org/springframework/security/spring-security-config/5.6.2/spring-security-config-5.6.2.jar:/Users/e.perez/.m2/repository/org/springframework/security/spring-security-core/5.6.2/spring-security-core-5.6.2.jar:/Users/e.perez/.m2/repository/org/springframework/security/spring-security-crypto/5.6.2/spring-security-crypto-5.6.2.jar:/Users/e.perez/.m2/repository/org/springframework/security/spring-security-web/5.6.2/spring-security-web-5.6.2.jar:/Users/e.perez/.m2/repository/io/jsonwebtoken/jjwt-api/0.11.2/jjwt-api-0.11.2.jar:/Users/e.perez/.m2/repository/io/jsonwebtoken/jjwt-impl/0.11.2/jjwt-impl-0.11.2.jar:/Users/e.perez/.m2/repository/io/jsonwebtoken/jjwt-jackson/0.11.2/jjwt-jackson-0.11.2.jar:/Users/e.perez/.m2/repository/com/fasterxml/jackson/core/jackson-databind/2.13.2.2/jackson-databind-2.13.2.2.jar:/Users/e.perez/.m2/repository/com/fasterxml/jackson/core/jackson-annotations/2.13.2/jackson-annotations-2.13.2.jar:/Users/e.perez/.m2/repository/com/fasterxml/jackson/core/jackson-core/2.13.2/jackson-core-2.13.2.jar:/Users/e.perez/.m2/repository/org/springframework/boot/spring-boot-starter-test/2.6.6/spring-boot-starter-test-2.6.6.jar:/Users/e.perez/.m2/repository/org/springframework/boot/spring-boot-test/2.6.6/spring-boot-test-2.6.6.jar:/Users/e.perez/.m2/repository/org/springframework/boot/spring-boot-test-autoconfigure/2.6.6/spring-boot-test-autoconfigure-2.6.6.jar:/Users/e.perez/.m2/repository/com/jayway/jsonpath/json-path/2.6.0/json-path-2.6.0.jar:/Users/e.perez/.m2/repository/net/minidev/json-smart/2.4.8/json-smart-2.4.8.jar:/Users/e.perez/.m2/repository/net/minidev/accessors-smart/2.4.8/accessors-smart-2.4.8.jar:/Users/e.perez/.m2/repository/org/ow2/asm/asm/9.1/asm-9.1.jar:/Users/e.perez/.m2/repository/jakarta/xml/bind/jakarta.xml.bind-api/2.3.3/jakarta.xml.bind-api-2.3.3.jar:/Users/e.perez/.m2/repository/jakarta/activation/jakarta.activation-api/1.2.2/jakarta.activation-api-1.2.2.jar:/Users/e.perez/.m2/repository/org/assertj/assertj-core/3.21.0/assertj-core-3.21.0.jar:/Users/e.perez/.m2/repository/org/hamcrest/hamcrest/2.2/hamcrest-2.2.jar:/Users/e.perez/.m2/repository/org/junit/jupiter/junit-jupiter/5.8.2/junit-jupiter-5.8.2.jar:/Users/e.perez/.m2/repository/org/junit/jupiter/junit-jupiter-api/5.8.2/junit-jupiter-api-5.8.2.jar:/Users/e.perez/.m2/repository/org/opentest4j/opentest4j/1.2.0/opentest4j-1.2.0.jar:/Users/e.perez/.m2/repository/org/junit/platform/junit-platform-commons/1.8.2/junit-platform-commons-1.8.2.jar:/Users/e.perez/.m2/repository/org/apiguardian/apiguardian-api/1.1.2/apiguardian-api-1.1.2.jar:/Users/e.perez/.m2/repository/org/junit/jupiter/junit-jupiter-params/5.8.2/junit-jupiter-params-5.8.2.jar:/Users/e.perez/.m2/repository/org/junit/jupiter/junit-jupiter-engine/5.8.2/junit-jupiter-engine-5.8.2.jar:/Users/e.perez/.m2/repository/org/junit/platform/junit-platform-engine/1.8.2/junit-platform-engine-1.8.2.jar:/Users/e.perez/.m2/repository/org/mockito/mockito-core/4.0.0/mockito-core-4.0.0.jar:/Users/e.perez/.m2/repository/net/bytebuddy/byte-buddy/1.11.22/byte-buddy-1.11.22.jar:/Users/e.perez/.m2/repository/net/bytebuddy/byte-buddy-agent/1.11.22/byte-buddy-agent-1.11.22.jar:/Users/e.perez/.m2/repository/org/objenesis/objenesis/3.2/objenesis-3.2.jar:/Users/e.perez/.m2/repository/org/mockito/mockito-junit-jupiter/4.0.0/mockito-junit-jupiter-4.0.0.jar:/Users/e.perez/.m2/repository/org/skyscreamer/jsonassert/1.5.0/jsonassert-1.5.0.jar:/Users/e.perez/.m2/repository/com/vaadin/external/google/android-json/0.0.20131108.vaadin1/android-json-0.0.20131108.vaadin1.jar:/Users/e.perez/.m2/repository/org/springframework/spring-core/5.3.18/spring-core-5.3.18.jar:/Users/e.perez/.m2/repository/org/springframework/spring-jcl/5.3.18/spring-jcl-5.3.18.jar:/Users/e.perez/.m2/repository/org/springframework/spring-test/5.3.18/spring-test-5.3.18.jar:/Users/e.perez/.m2/repository/org/xmlunit/xmlunit-core/2.8.4/xmlunit-core-2.8.4.jar:"/>
    <property name="java.vm.vendor" value="Eclipse Adoptium"/>
    <property name="sun.arch.data.model" value="64"/>
    <property name="java.vendor.url" value="https://adoptium.net/"/>
    <property name="user.timezone" value=""/>
    <property name="java.vm.specification.version" value="11"/>
    <property name="os.name" value="Mac OS X"/>
    <property name="sun.java.launcher" value="SUN_STANDARD"/>
    <property name="user.country" value="US"/>
    <property name="sun.boot.library.path" value="/Users/e.perez/Library/Java/JavaVirtualMachines/temurin-11.0.14/Contents/Home/lib"/>
    <property name="sun.java.command" value="/Users/e.perez/Dev10/querk-capstone-project/querk-api/target/surefire/surefirebooter10345660824300275480.jar /Users/e.perez/Dev10/querk-capstone-project/querk-api/target/surefire 2022-05-09T14-21-19_601-jvmRun1 surefire11948529105559172449tmp surefire_015276250773435674394tmp"/>
    <property name="http.nonProxyHosts" value="local|*.local|169.254/16|*.169.254/16"/>
    <property name="jdk.debug" value="release"/>
    <property name="surefire.test.class.path" value="/Users/e.perez/Dev10/querk-capstone-project/querk-api/target/test-classes:/Users/e.perez/Dev10/querk-capstone-project/querk-api/target/classes:/Users/e.perez/.m2/repository/org/springframework/boot/spring-boot-starter-web/2.6.6/spring-boot-starter-web-2.6.6.jar:/Users/e.perez/.m2/repository/org/springframework/boot/spring-boot-starter/2.6.6/spring-boot-starter-2.6.6.jar:/Users/e.perez/.m2/repository/org/springframework/boot/spring-boot-starter-logging/2.6.6/spring-boot-starter-logging-2.6.6.jar:/Users/e.perez/.m2/repository/ch/qos/logback/logback-classic/1.2.11/logback-classic-1.2.11.jar:/Users/e.perez/.m2/repository/ch/qos/logback/logback-core/1.2.11/logback-core-1.2.11.jar:/Users/e.perez/.m2/repository/org/apache/logging/log4j/log4j-to-slf4j/2.17.2/log4j-to-slf4j-2.17.2.jar:/Users/e.perez/.m2/repository/org/apache/logging/log4j/log4j-api/2.17.2/log4j-api-2.17.2.jar:/Users/e.perez/.m2/repository/org/slf4j/jul-to-slf4j/1.7.36/jul-to-slf4j-1.7.36.jar:/Users/e.perez/.m2/repository/jakarta/annotation/jakarta.annotation-api/1.3.5/jakarta.annotation-api-1.3.5.jar:/Users/e.perez/.m2/repository/org/yaml/snakeyaml/1.29/snakeyaml-1.29.jar:/Users/e.perez/.m2/repository/org/springframework/boot/spring-boot-starter-json/2.6.6/spring-boot-starter-json-2.6.6.jar:/Users/e.perez/.m2/repository/com/fasterxml/jackson/datatype/jackson-datatype-jdk8/2.13.2/jackson-datatype-jdk8-2.13.2.jar:/Users/e.perez/.m2/repository/com/fasterxml/jackson/datatype/jackson-datatype-jsr310/2.13.2/jackson-datatype-jsr310-2.13.2.jar:/Users/e.perez/.m2/repository/com/fasterxml/jackson/module/jackson-module-parameter-names/2.13.2/jackson-module-parameter-names-2.13.2.jar:/Users/e.perez/.m2/repository/org/springframework/boot/spring-boot-starter-tomcat/2.6.6/spring-boot-starter-tomcat-2.6.6.jar:/Users/e.perez/.m2/repository/org/apache/tomcat/embed/tomcat-embed-core/9.0.60/tomcat-embed-core-9.0.60.jar:/Users/e.perez/.m2/repository/org/apache/tomcat/embed/tomcat-embed-websocket/9.0.60/tomcat-embed-websocket-9.0.60.jar:/Users/e.perez/.m2/repository/org/springframework/spring-web/5.3.18/spring-web-5.3.18.jar:/Users/e.perez/.m2/repository/org/springframework/spring-beans/5.3.18/spring-beans-5.3.18.jar:/Users/e.perez/.m2/repository/org/springframework/spring-webmvc/5.3.18/spring-webmvc-5.3.18.jar:/Users/e.perez/.m2/repository/org/springframework/spring-context/5.3.18/spring-context-5.3.18.jar:/Users/e.perez/.m2/repository/org/springframework/spring-expression/5.3.18/spring-expression-5.3.18.jar:/Users/e.perez/.m2/repository/org/springframework/boot/spring-boot-starter-validation/2.6.6/spring-boot-starter-validation-2.6.6.jar:/Users/e.perez/.m2/repository/org/apache/tomcat/embed/tomcat-embed-el/9.0.60/tomcat-embed-el-9.0.60.jar:/Users/e.perez/.m2/repository/org/hibernate/validator/hibernate-validator/6.2.3.Final/hibernate-validator-6.2.3.Final.jar:/Users/e.perez/.m2/repository/jakarta/validation/jakarta.validation-api/2.0.2/jakarta.validation-api-2.0.2.jar:/Users/e.perez/.m2/repository/org/jboss/logging/jboss-logging/3.4.3.Final/jboss-logging-3.4.3.Final.jar:/Users/e.perez/.m2/repository/com/fasterxml/classmate/1.5.1/classmate-1.5.1.jar:/Users/e.perez/.m2/repository/org/springframework/boot/spring-boot-starter-jdbc/2.6.6/spring-boot-starter-jdbc-2.6.6.jar:/Users/e.perez/.m2/repository/com/zaxxer/HikariCP/4.0.3/HikariCP-4.0.3.jar:/Users/e.perez/.m2/repository/org/slf4j/slf4j-api/1.7.36/slf4j-api-1.7.36.jar:/Users/e.perez/.m2/repository/org/springframework/spring-jdbc/5.3.18/spring-jdbc-5.3.18.jar:/Users/e.perez/.m2/repository/org/springframework/spring-tx/5.3.18/spring-tx-5.3.18.jar:/Users/e.perez/.m2/repository/mysql/mysql-connector-java/8.0.28/mysql-connector-java-8.0.28.jar:/Users/e.perez/.m2/repository/org/springframework/boot/spring-boot-devtools/2.6.6/spring-boot-devtools-2.6.6.jar:/Users/e.perez/.m2/repository/org/springframework/boot/spring-boot/2.6.6/spring-boot-2.6.6.jar:/Users/e.perez/.m2/repository/org/springframework/boot/spring-boot-autoconfigure/2.6.6/spring-boot-autoconfigure-2.6.6.jar:/Users/e.perez/.m2/repository/org/springframework/boot/spring-boot-starter-security/2.6.6/spring-boot-starter-security-2.6.6.jar:/Users/e.perez/.m2/repository/org/springframework/spring-aop/5.3.18/spring-aop-5.3.18.jar:/Users/e.perez/.m2/repository/org/springframework/security/spring-security-config/5.6.2/spring-security-config-5.6.2.jar:/Users/e.perez/.m2/repository/org/springframework/security/spring-security-core/5.6.2/spring-security-core-5.6.2.jar:/Users/e.perez/.m2/repository/org/springframework/security/spring-security-crypto/5.6.2/spring-security-crypto-5.6.2.jar:/Users/e.perez/.m2/repository/org/springframework/security/spring-security-web/5.6.2/spring-security-web-5.6.2.jar:/Users/e.perez/.m2/repository/io/jsonwebtoken/jjwt-api/0.11.2/jjwt-api-0.11.2.jar:/Users/e.perez/.m2/repository/io/jsonwebtoken/jjwt-impl/0.11.2/jjwt-impl-0.11.2.jar:/Users/e.perez/.m2/repository/io/jsonwebtoken/jjwt-jackson/0.11.2/jjwt-jackson-0.11.2.jar:/Users/e.perez/.m2/repository/com/fasterxml/jackson/core/jackson-databind/2.13.2.2/jackson-databind-2.13.2.2.jar:/Users/e.perez/.m2/repository/com/fasterxml/jackson/core/jackson-annotations/2.13.2/jackson-annotations-2.13.2.jar:/Users/e.perez/.m2/repository/com/fasterxml/jackson/core/jackson-core/2.13.2/jackson-core-2.13.2.jar:/Users/e.perez/.m2/repository/org/springframework/boot/spring-boot-starter-test/2.6.6/spring-boot-starter-test-2.6.6.jar:/Users/e.perez/.m2/repository/org/springframework/boot/spring-boot-test/2.6.6/spring-boot-test-2.6.6.jar:/Users/e.perez/.m2/repository/org/springframework/boot/spring-boot-test-autoconfigure/2.6.6/spring-boot-test-autoconfigure-2.6.6.jar:/Users/e.perez/.m2/repository/com/jayway/jsonpath/json-path/2.6.0/json-path-2.6.0.jar:/Users/e.perez/.m2/repository/net/minidev/json-smart/2.4.8/json-smart-2.4.8.jar:/Users/e.perez/.m2/repository/net/minidev/accessors-smart/2.4.8/accessors-smart-2.4.8.jar:/Users/e.perez/.m2/repository/org/ow2/asm/asm/9.1/asm-9.1.jar:/Users/e.perez/.m2/repository/jakarta/xml/bind/jakarta.xml.bind-api/2.3.3/jakarta.xml.bind-api-2.3.3.jar:/Users/e.perez/.m2/repository/jakarta/activation/jakarta.activation-api/1.2.2/jakarta.activation-api-1.2.2.jar:/Users/e.perez/.m2/repository/org/assertj/assertj-core/3.21.0/assertj-core-3.21.0.jar:/Users/e.perez/.m2/repository/org/hamcrest/hamcrest/2.2/hamcrest-2.2.jar:/Users/e.perez/.m2/repository/org/junit/jupiter/junit-jupiter/5.8.2/junit-jupiter-5.8.2.jar:/Users/e.perez/.m2/repository/org/junit/jupiter/junit-jupiter-api/5.8.2/junit-jupiter-api-5.8.2.jar:/Users/e.perez/.m2/repository/org/opentest4j/opentest4j/1.2.0/opentest4j-1.2.0.jar:/Users/e.perez/.m2/repository/org/junit/platform/junit-platform-commons/1.8.2/junit-platform-commons-1.8.2.jar:/Users/e.perez/.m2/repository/org/apiguardian/apiguardian-api/1.1.2/apiguardian-api-1.1.2.jar:/Users/e.perez/.m2/repository/org/junit/jupiter/junit-jupiter-params/5.8.2/junit-jupiter-params-5.8.2.jar:/Users/e.perez/.m2/repository/org/junit/jupiter/junit-jupiter-engine/5.8.2/junit-jupiter-engine-5.8.2.jar:/Users/e.perez/.m2/repository/org/junit/platform/junit-platform-engine/1.8.2/junit-platform-engine-1.8.2.jar:/Users/e.perez/.m2/repository/org/mockito/mockito-core/4.0.0/mockito-core-4.0.0.jar:/Users/e.perez/.m2/repository/net/bytebuddy/byte-buddy/1.11.22/byte-buddy-1.11.22.jar:/Users/e.perez/.m2/repository/net/bytebuddy/byte-buddy-agent/1.11.22/byte-buddy-agent-1.11.22.jar:/Users/e.perez/.m2/repository/org/objenesis/objenesis/3.2/objenesis-3.2.jar:/Users/e.perez/.m2/repository/org/mockito/mockito-junit-jupiter/4.0.0/mockito-junit-jupiter-4.0.0.jar:/Users/e.perez/.m2/repository/org/skyscreamer/jsonassert/1.5.0/jsonassert-1.5.0.jar:/Users/e.perez/.m2/repository/com/vaadin/external/google/android-json/0.0.20131108.vaadin1/android-json-0.0.20131108.vaadin1.jar:/Users/e.perez/.m2/repository/org/springframework/spring-core/5.3.18/spring-core-5.3.18.jar:/Users/e.perez/.m2/repository/org/springframework/spring-jcl/5.3.18/spring-jcl-5.3.18.jar:/Users/e.perez/.m2/repository/org/springframework/spring-test/5.3.18/spring-test-5.3.18.jar:/Users/e.perez/.m2/repository/org/xmlunit/xmlunit-core/2.8.4/xmlunit-core-2.8.4.jar:"/>
    <property name="sun.cpu.endian" value="little"/>
    <property name="user.home" value="/Users/e.perez"/>
    <property name="user.language" value="en"/>
    <property name="java.specification.vendor" value="Oracle Corporation"/>
    <property name="java.version.date" value="2022-01-18"/>
    <property name="java.home" value="/Users/e.perez/Library/Java/JavaVirtualMachines/temurin-11.0.14/Contents/Home"/>
    <property name="file.separator" value="/"/>
    <property name="basedir" value="/Users/e.perez/Dev10/querk-capstone-project/querk-api"/>
    <property name="java.vm.compressedOopsMode" value="Zero based"/>
    <property name="line.separator" value="&#10;"/>
    <property name="java.specification.name" value="Java Platform API Specification"/>
    <property name="java.vm.specification.vendor" value="Oracle Corporation"/>
    <property name="java.awt.graphicsenv" value="sun.awt.CGraphicsEnvironment"/>
    <property name="surefire.real.class.path" value="/Users/e.perez/Dev10/querk-capstone-project/querk-api/target/surefire/surefirebooter10345660824300275480.jar"/>
    <property name="sun.management.compiler" value="HotSpot 64-Bit Tiered Compilers"/>
    <property name="ftp.nonProxyHosts" value="local|*.local|169.254/16|*.169.254/16"/>
    <property name="java.runtime.version" value="11.0.14+9"/>
    <property name="user.name" value="e.perez"/>
    <property name="path.separator" value=":"/>
    <property name="os.version" value="12.2"/>
    <property name="java.runtime.name" value="OpenJDK Runtime Environment"/>
    <property name="file.encoding" value="UTF-8"/>
    <property name="java.vm.name" value="OpenJDK 64-Bit Server VM"/>
    <property name="java.vendor.version" value="Temurin-11.0.14+9"/>
    <property name="localRepository" value="/Users/e.perez/.m2/repository"/>
    <property name="java.vendor.url.bug" value="https://github.com/adoptium/adoptium-support/issues"/>
    <property name="java.io.tmpdir" value="/var/folders/1m/d_30_q2127d2jmn46w06s4n80000gn/T/"/>
    <property name="idea.version" value="2021.3.2"/>
    <property name="java.version" value="11.0.14"/>
    <property name="user.dir" value="/Users/e.perez/Dev10/querk-capstone-project/querk-api"/>
    <property name="os.arch" value="x86_64"/>
    <property name="java.vm.specification.name" value="Java Virtual Machine Specification"/>
    <property name="java.awt.printerjob" value="sun.lwawt.macosx.CPrinterJob"/>
    <property name="sun.os.patch.level" value="unknown"/>
    <property name="java.library.path" value="/Users/e.perez/Library/Java/Extensions:/Library/Java/Extensions:/Network/Library/Java/Extensions:/System/Library/Java/Extensions:/usr/lib/java:."/>
    <property name="java.vm.info" value="mixed mode"/>
    <property name="java.vendor" value="Eclipse Adoptium"/>
    <property name="java.vm.version" value="11.0.14+9"/>
    <property name="sun.io.unicode.encoding" value="UnicodeBig"/>
    <property name="java.class.version" value="55.0"/>
    <property name="socksNonProxyHosts" value="local|*.local|169.254/16|*.169.254/16"/>
  </properties>
  <testcase name="shouldUpdate" classname="learn.data.RestaurantJdbcTemplateRepositoryTest" time="1.05">
    <error message="StatementCallback; SQL [call set_known_good_state(); ]; Cannot delete or update a parent row: a foreign key constraint fails (`queues_project_test`.`restaurants_customers`, CONSTRAINT `fk_customers_restaurants` FOREIGN KEY (`customer_id`) REFERENCES `customers` (`customer_id`)); nested exception is java.sql.SQLIntegrityConstraintViolationException: Cannot delete or update a parent row: a foreign key constraint fails (`queues_project_test`.`restaurants_customers`, CONSTRAINT `fk_customers_restaurants` FOREIGN KEY (`customer_id`) REFERENCES `customers` (`customer_id`))" type="org.springframework.dao.DataIntegrityViolationException">org.springframework.dao.DataIntegrityViolationException: StatementCallback; SQL [call set_known_good_state(); ]; Cannot delete or update a parent row: a foreign key constraint fails (`queues_project_test`.`restaurants_customers`, CONSTRAINT `fk_customers_restaurants` FOREIGN KEY (`customer_id`) REFERENCES `customers` (`customer_id`)); nested exception is java.sql.SQLIntegrityConstraintViolationException: Cannot delete or update a parent row: a foreign key constraint fails (`queues_project_test`.`restaurants_customers`, CONSTRAINT `fk_customers_restaurants` FOREIGN KEY (`customer_id`) REFERENCES `customers` (`customer_id`))
	at learn.data.RestaurantJdbcTemplateRepositoryTest.setup(RestaurantJdbcTemplateRepositoryTest.java:27)
Caused by: java.sql.SQLIntegrityConstraintViolationException: Cannot delete or update a parent row: a foreign key constraint fails (`queues_project_test`.`restaurants_customers`, CONSTRAINT `fk_customers_restaurants` FOREIGN KEY (`customer_id`) REFERENCES `customers` (`customer_id`))
	at learn.data.RestaurantJdbcTemplateRepositoryTest.setup(RestaurantJdbcTemplateRepositoryTest.java:27)
</error>
    <system-out><![CDATA[14:21:20.465 [main] DEBUG org.springframework.test.context.BootstrapUtils - Instantiating CacheAwareContextLoaderDelegate from class [org.springframework.test.context.cache.DefaultCacheAwareContextLoaderDelegate]
14:21:20.476 [main] DEBUG org.springframework.test.context.BootstrapUtils - Instantiating BootstrapContext using constructor [public org.springframework.test.context.support.DefaultBootstrapContext(java.lang.Class,org.springframework.test.context.CacheAwareContextLoaderDelegate)]
14:21:20.508 [main] DEBUG org.springframework.test.context.BootstrapUtils - Instantiating TestContextBootstrapper for test class [learn.data.RestaurantJdbcTemplateRepositoryTest] from class [org.springframework.boot.test.context.SpringBootTestContextBootstrapper]
14:21:20.521 [main] INFO org.springframework.boot.test.context.SpringBootTestContextBootstrapper - Neither @ContextConfiguration nor @ContextHierarchy found for test class [learn.data.RestaurantJdbcTemplateRepositoryTest], using SpringBootContextLoader
14:21:20.525 [main] DEBUG org.springframework.test.context.support.AbstractContextLoader - Did not detect default resource location for test class [learn.data.RestaurantJdbcTemplateRepositoryTest]: class path resource [learn/data/RestaurantJdbcTemplateRepositoryTest-context.xml] does not exist
14:21:20.526 [main] DEBUG org.springframework.test.context.support.AbstractContextLoader - Did not detect default resource location for test class [learn.data.RestaurantJdbcTemplateRepositoryTest]: class path resource [learn/data/RestaurantJdbcTemplateRepositoryTestContext.groovy] does not exist
14:21:20.526 [main] INFO org.springframework.test.context.support.AbstractContextLoader - Could not detect default resource locations for test class [learn.data.RestaurantJdbcTemplateRepositoryTest]: no resource found for suffixes {-context.xml, Context.groovy}.
14:21:20.527 [main] INFO org.springframework.test.context.support.AnnotationConfigContextLoaderUtils - Could not detect default configuration classes for test class [learn.data.RestaurantJdbcTemplateRepositoryTest]: RestaurantJdbcTemplateRepositoryTest does not declare any static, non-private, non-final, nested classes annotated with @Configuration.
14:21:20.568 [main] DEBUG org.springframework.test.context.support.ActiveProfilesUtils - Could not find an 'annotation declaring class' for annotation type [org.springframework.test.context.ActiveProfiles] and class [learn.data.RestaurantJdbcTemplateRepositoryTest]
14:21:20.643 [main] DEBUG org.springframework.context.annotation.ClassPathScanningCandidateComponentProvider - Identified candidate component class: file [/Users/e.perez/Dev10/querk-capstone-project/querk-api/target/classes/learn/App.class]
14:21:20.644 [main] INFO org.springframework.boot.test.context.SpringBootTestContextBootstrapper - Found @SpringBootConfiguration learn.App for test class learn.data.RestaurantJdbcTemplateRepositoryTest
14:21:20.763 [main] DEBUG org.springframework.boot.test.context.SpringBootTestContextBootstrapper - @TestExecutionListeners is not present for class [learn.data.RestaurantJdbcTemplateRepositoryTest]: using defaults.
14:21:20.764 [main] INFO org.springframework.boot.test.context.SpringBootTestContextBootstrapper - Loaded default TestExecutionListener class names from location [META-INF/spring.factories]: [org.springframework.boot.test.mock.mockito.MockitoTestExecutionListener, org.springframework.boot.test.mock.mockito.ResetMocksTestExecutionListener, org.springframework.boot.test.autoconfigure.restdocs.RestDocsTestExecutionListener, org.springframework.boot.test.autoconfigure.web.client.MockRestServiceServerResetTestExecutionListener, org.springframework.boot.test.autoconfigure.web.servlet.MockMvcPrintOnlyOnFailureTestExecutionListener, org.springframework.boot.test.autoconfigure.web.servlet.WebDriverTestExecutionListener, org.springframework.boot.test.autoconfigure.webservices.client.MockWebServiceServerTestExecutionListener, org.springframework.test.context.web.ServletTestExecutionListener, org.springframework.test.context.support.DirtiesContextBeforeModesTestExecutionListener, org.springframework.test.context.event.ApplicationEventsTestExecutionListener, org.springframework.test.context.support.DependencyInjectionTestExecutionListener, org.springframework.test.context.support.DirtiesContextTestExecutionListener, org.springframework.test.context.transaction.TransactionalTestExecutionListener, org.springframework.test.context.jdbc.SqlScriptsTestExecutionListener, org.springframework.test.context.event.EventPublishingTestExecutionListener]
14:21:20.785 [main] INFO org.springframework.boot.test.context.SpringBootTestContextBootstrapper - Using TestExecutionListeners: [org.springframework.test.context.web.ServletTestExecutionListener@b7838a9, org.springframework.test.context.support.DirtiesContextBeforeModesTestExecutionListener@696f0212, org.springframework.test.context.event.ApplicationEventsTestExecutionListener@5733f295, org.springframework.boot.test.mock.mockito.MockitoTestExecutionListener@1c3146bc, org.springframework.boot.test.autoconfigure.SpringBootDependencyInjectionTestExecutionListener@56c698e3, org.springframework.test.context.support.DirtiesContextTestExecutionListener@47a86fbb, org.springframework.test.context.transaction.TransactionalTestExecutionListener@f478a81, org.springframework.test.context.jdbc.SqlScriptsTestExecutionListener@19553973, org.springframework.test.context.event.EventPublishingTestExecutionListener@7bb6ab3a, org.springframework.boot.test.mock.mockito.ResetMocksTestExecutionListener@7fe7c640, org.springframework.boot.test.autoconfigure.restdocs.RestDocsTestExecutionListener@4c4748bf, org.springframework.boot.test.autoconfigure.web.client.MockRestServiceServerResetTestExecutionListener@7ce97ee5, org.springframework.boot.test.autoconfigure.web.servlet.MockMvcPrintOnlyOnFailureTestExecutionListener@32c8e539, org.springframework.boot.test.autoconfigure.web.servlet.WebDriverTestExecutionListener@73dce0e6, org.springframework.boot.test.autoconfigure.webservices.client.MockWebServiceServerTestExecutionListener@5a85c92]
14:21:20.789 [main] DEBUG org.springframework.test.context.support.AbstractDirtiesContextTestExecutionListener - Before test class: context [DefaultTestContext@4ba302e0 testClass = RestaurantJdbcTemplateRepositoryTest, testInstance = [null], testMethod = [null], testException = [null], mergedContextConfiguration = [WebMergedContextConfiguration@e98770d testClass = RestaurantJdbcTemplateRepositoryTest, locations = '{}', classes = '{class learn.App}', contextInitializerClasses = '[]', activeProfiles = '{}', propertySourceLocations = '{}', propertySourceProperties = '{org.springframework.boot.test.context.SpringBootTestContextBootstrapper=true}', contextCustomizers = set[org.springframework.boot.test.context.filter.ExcludeFilterContextCustomizer@51a9ad5e, org.springframework.boot.test.json.DuplicateJsonObjectContextCustomizerFactory$DuplicateJsonObjectContextCustomizer@239105a8, org.springframework.boot.test.mock.mockito.MockitoContextCustomizer@0, org.springframework.boot.test.web.client.TestRestTemplateContextCustomizer@2e32ccc5, org.springframework.boot.test.autoconfigure.actuate.metrics.MetricsExportContextCustomizerFactory$DisableMetricExportContextCustomizer@651aed93, org.springframework.boot.test.autoconfigure.properties.PropertyMappingContextCustomizer@0, org.springframework.boot.test.autoconfigure.web.servlet.WebDriverContextCustomizerFactory$Customizer@266374ef, org.springframework.boot.test.context.SpringBootTestArgs@1, org.springframework.boot.test.context.SpringBootTestWebEnvironment@3c9d0b9d], resourceBasePath = 'src/main/webapp', contextLoader = 'org.springframework.boot.test.context.SpringBootContextLoader', parent = [null]], attributes = map['org.springframework.test.context.web.ServletTestExecutionListener.activateListener' -> true]], class annotated with @DirtiesContext [false] with mode [null].

  .   ____          _            __ _ _
 /\\ / ___'_ __ _ _(_)_ __  __ _ \ \ \ \
( ( )\___ | '_ | '_| | '_ \/ _` | \ \ \ \
 \\/  ___)| |_)| | | | | || (_| |  ) ) ) )
  '  |____| .__|_| |_|_| |_\__, | / / / /
 =========|_|==============|___/=/_/_/_/
 :: Spring Boot ::                (v2.6.6)

2022-05-09 14:21:21.130  INFO 4638 --- [           main] l.d.RestaurantJdbcTemplateRepositoryTest : Starting RestaurantJdbcTemplateRepositoryTest using Java 11.0.14 on Erwyns-MBP with PID 4638 (started by e.perez in /Users/e.perez/Dev10/querk-capstone-project/querk-api)
2022-05-09 14:21:21.131  INFO 4638 --- [           main] l.d.RestaurantJdbcTemplateRepositoryTest : No active profile set, falling back to 1 default profile: "default"
2022-05-09 14:21:22.639  INFO 4638 --- [           main] o.s.s.web.DefaultSecurityFilterChain     : Will not secure any request
2022-05-09 14:21:22.957  INFO 4638 --- [           main] l.d.RestaurantJdbcTemplateRepositoryTest : Started RestaurantJdbcTemplateRepositoryTest in 2.125 seconds (JVM running for 3.13)
2022-05-09 14:21:23.311  INFO 4638 --- [           main] com.zaxxer.hikari.HikariDataSource       : HikariPool-1 - Starting...
2022-05-09 14:21:23.638  INFO 4638 --- [           main] com.zaxxer.hikari.HikariDataSource       : HikariPool-1 - Start completed.
]]></system-out>
  </testcase>
  <testcase name="shouldNotDeleteById" classname="learn.data.RestaurantJdbcTemplateRepositoryTest" time="0.041"/>
  <testcase name="findAll" classname="learn.data.RestaurantJdbcTemplateRepositoryTest" time="0.016"/>
  <testcase name="findById" classname="learn.data.RestaurantJdbcTemplateRepositoryTest" time="0.012"/>
  <testcase name="add" classname="learn.data.RestaurantJdbcTemplateRepositoryTest" time="0.007">
    <error type="java.lang.NullPointerException">java.lang.NullPointerException
	at learn.data.RestaurantJdbcTemplateRepositoryTest.add(RestaurantJdbcTemplateRepositoryTest.java:54)
</error>
  </testcase>
  <testcase name="shouldNotFindById" classname="learn.data.RestaurantJdbcTemplateRepositoryTest" time="0.004"/>
  <testcase name="shouldDeleteById" classname="learn.data.RestaurantJdbcTemplateRepositoryTest" time="0.009">
    <error message="PreparedStatementCallback; SQL [delete from restaurants where restaurant_id=?;]; Cannot delete or update a parent row: a foreign key constraint fails (`queues_project_test`.`items`, CONSTRAINT `fk_item_list_restaurant` FOREIGN KEY (`restaurant_id`) REFERENCES `restaurants` (`restaurant_id`)); nested exception is java.sql.SQLIntegrityConstraintViolationException: Cannot delete or update a parent row: a foreign key constraint fails (`queues_project_test`.`items`, CONSTRAINT `fk_item_list_restaurant` FOREIGN KEY (`restaurant_id`) REFERENCES `restaurants` (`restaurant_id`))" type="org.springframework.dao.DataIntegrityViolationException">org.springframework.dao.DataIntegrityViolationException: PreparedStatementCallback; SQL [delete from restaurants where restaurant_id=?;]; Cannot delete or update a parent row: a foreign key constraint fails (`queues_project_test`.`items`, CONSTRAINT `fk_item_list_restaurant` FOREIGN KEY (`restaurant_id`) REFERENCES `restaurants` (`restaurant_id`)); nested exception is java.sql.SQLIntegrityConstraintViolationException: Cannot delete or update a parent row: a foreign key constraint fails (`queues_project_test`.`items`, CONSTRAINT `fk_item_list_restaurant` FOREIGN KEY (`restaurant_id`) REFERENCES `restaurants` (`restaurant_id`))
	at learn.data.RestaurantJdbcTemplateRepositoryTest.shouldDeleteById(RestaurantJdbcTemplateRepositoryTest.java:76)
Caused by: java.sql.SQLIntegrityConstraintViolationException: Cannot delete or update a parent row: a foreign key constraint fails (`queues_project_test`.`items`, CONSTRAINT `fk_item_list_restaurant` FOREIGN KEY (`restaurant_id`) REFERENCES `restaurants` (`restaurant_id`))
	at learn.data.RestaurantJdbcTemplateRepositoryTest.shouldDeleteById(RestaurantJdbcTemplateRepositoryTest.java:76)
</error>
  </testcase>
  <testcase name="shouldNotUpdate" classname="learn.data.RestaurantJdbcTemplateRepositoryTest" time="0.011"/>
</testsuite>